[ 2017-09-13T00:08:17+08:00 ] 114.240.113.66 /
INFO: [ app_begin ] --START--
INFO: Run Behavior\ReadHtmlCache [ RunTime:0.000078s ]
INFO: [ app_begin ] --END-- [ RunTime:0.000241s ]
INFO: [ view_parse ] --START--
INFO: [ template_filter ] --START--
INFO: Run Behavior\ContentReplace [ RunTime:0.000056s ]
INFO: [ template_filter ] --END-- [ RunTime:0.000176s ]
INFO: Run Behavior\ParseTemplate [ RunTime:0.003139s ]
INFO: [ view_parse ] --END-- [ RunTime:0.003250s ]
INFO: [ view_filter ] --START--
INFO: Run Behavior\WriteHtmlCache [ RunTime:0.000079s ]
INFO: [ view_filter ] --END-- [ RunTime:0.000175s ]
INFO: [ app_end ] --START--
INFO: Run Behavior\ShowPageTrace [ RunTime:0.000073s ]
INFO: [ app_end ] --END-- [ RunTime:0.000173s ]

[ 2017-09-13T00:08:28+08:00 ] 114.240.113.66 /index.php/Index/login.html
INFO: [ app_begin ] --START--
INFO: Run Behavior\ReadHtmlCache [ RunTime:0.000055s ]
INFO: [ app_begin ] --END-- [ RunTime:0.000208s ]
NOTIC: [2] Missing argument 1 for I(), called in /var/www/html/cloud/Application/Home/Controller/IndexController.class.php on line 22 and defined /var/www/html/cloud/ThinkPHP/Common/functions.php 第 220 行.
NOTIC: [8] Undefined variable: name /var/www/html/cloud/ThinkPHP/Common/functions.php 第 221 行.

[ 2017-09-13T00:10:37+08:00 ] 140.206.88.195 /productquery?code=ADLABN4FFF5DA9CD8CF593EB208A2635E23F16
INFO: [ app_begin ] --START--
INFO: Run Behavior\ReadHtmlCache [ RunTime:0.000086s ]
INFO: [ app_begin ] --END-- [ RunTime:0.000241s ]
NOTIC: [8192] mysql_connect(): The mysql extension is deprecated and will be removed in the future: use mysqli or PDO instead /var/www/html/cloud/ThinkPHP/Library/Think/Db/Driver/Mysql.class.php 第 52 行.
SQL: SHOW COLUMNS FROM `xc_product` [ RunTime:0.000985s ]
SQL: SELECT `status`,`number` FROM `xc_product` WHERE ( `number` = 'ADLABN4FFF5DA9CD8CF593EB208A2635E23F16' ) LIMIT 1   [ RunTime:0.000277s ]
INFO: [ app_end ] --START--
INFO: Run Behavior\ShowPageTrace [ RunTime:0.000075s ]
INFO: [ app_end ] --END-- [ RunTime:0.000184s ]

[ 2017-09-13T00:12:06+08:00 ] 140.206.88.195 /productquery?code=ADLABN4FFF5DA9CD8CF593EB208A2635E23F16
INFO: [ app_begin ] --START--
INFO: Run Behavior\ReadHtmlCache [ RunTime:0.000104s ]
INFO: [ app_begin ] --END-- [ RunTime:0.000342s ]
NOTIC: [8192] mysql_connect(): The mysql extension is deprecated and will be removed in the future: use mysqli or PDO instead /var/www/html/cloud/ThinkPHP/Library/Think/Db/Driver/Mysql.class.php 第 52 行.
SQL: SHOW COLUMNS FROM `xc_product` [ RunTime:0.001239s ]
SQL: SELECT `status`,`number` FROM `xc_product` WHERE ( `number` = 'ADLABN4FFF5DA9CD8CF593EB208A2635E23F16' ) LIMIT 1   [ RunTime:0.000334s ]
INFO: [ app_end ] --START--
INFO: Run Behavior\ShowPageTrace [ RunTime:0.000116s ]
INFO: [ app_end ] --END-- [ RunTime:0.000294s ]

[ 2017-09-13T08:04:51+08:00 ] 140.205.201.8 /
INFO: [ app_begin ] --START--
INFO: Run Behavior\ReadHtmlCache [ RunTime:0.000072s ]
INFO: [ app_begin ] --END-- [ RunTime:0.000268s ]
INFO: [ view_parse ] --START--
INFO: [ template_filter ] --START--
INFO: Run Behavior\ContentReplace [ RunTime:0.000052s ]
INFO: [ template_filter ] --END-- [ RunTime:0.000161s ]
INFO: Run Behavior\ParseTemplate [ RunTime:0.002948s ]
INFO: [ view_parse ] --END-- [ RunTime:0.003057s ]
INFO: [ view_filter ] --START--
INFO: Run Behavior\WriteHtmlCache [ RunTime:0.000068s ]
INFO: [ view_filter ] --END-- [ RunTime:0.000162s ]
INFO: [ app_end ] --START--
INFO: Run Behavior\ShowPageTrace [ RunTime:0.000076s ]
INFO: [ app_end ] --END-- [ RunTime:0.000228s ]

[ 2017-09-13T08:31:40+08:00 ] 171.13.14.19 /
INFO: [ app_begin ] --START--
INFO: Run Behavior\ReadHtmlCache [ RunTime:0.000082s ]
INFO: [ app_begin ] --END-- [ RunTime:0.000304s ]
INFO: [ view_parse ] --START--
INFO: [ template_filter ] --START--
INFO: Run Behavior\ContentReplace [ RunTime:0.000052s ]
INFO: [ template_filter ] --END-- [ RunTime:0.000175s ]
INFO: Run Behavior\ParseTemplate [ RunTime:0.003094s ]
INFO: [ view_parse ] --END-- [ RunTime:0.003210s ]
INFO: [ view_filter ] --START--
INFO: Run Behavior\WriteHtmlCache [ RunTime:0.000066s ]
INFO: [ view_filter ] --END-- [ RunTime:0.000164s ]
INFO: [ app_end ] --START--
INFO: Run Behavior\ShowPageTrace [ RunTime:0.000071s ]
INFO: [ app_end ] --END-- [ RunTime:0.000171s ]

[ 2017-09-13T09:14:18+08:00 ] 222.128.15.138 /down?filename=Version.zip
INFO: [ app_begin ] --START--
INFO: Run Behavior\ReadHtmlCache [ RunTime:0.000067s ]
INFO: [ app_begin ] --END-- [ RunTime:0.000227s ]
NOTIC: [8] Undefined variable: file_dir /var/www/html/cloud/Application/Home/Controller/ProductController.class.php 第 22 行.
NOTIC: [2] filesize(): stat failed for Version.zip /var/www/html/cloud/Application/Home/Controller/ProductController.class.php 第 22 行.
NOTIC: [8] Undefined variable: file_dir /var/www/html/cloud/Application/Home/Controller/ProductController.class.php 第 24 行.
NOTIC: [8] Undefined variable: file_dir /var/www/html/cloud/Application/Home/Controller/ProductController.class.php 第 26 行.
NOTIC: [2] filesize(): stat failed for Version.zip /var/www/html/cloud/Application/Home/Controller/ProductController.class.php 第 26 行.
NOTIC: [2] fread(): Length parameter must be greater than 0 /var/www/html/cloud/Application/Home/Controller/ProductController.class.php 第 26 行.
INFO: [ app_end ] --START--
INFO: Run Behavior\ShowPageTrace [ RunTime:0.000081s ]
INFO: [ app_end ] --END-- [ RunTime:0.000183s ]

[ 2017-09-13T09:16:14+08:00 ] 222.128.15.138 /down?filename=Version.zip
INFO: [ app_begin ] --START--
INFO: Run Behavior\ReadHtmlCache [ RunTime:0.000066s ]
INFO: [ app_begin ] --END-- [ RunTime:0.000266s ]
NOTIC: [8] Undefined variable: file_dir /var/www/html/cloud/Application/Home/Controller/ProductController.class.php 第 22 行.
NOTIC: [2] filesize(): stat failed for Version.zip /var/www/html/cloud/Application/Home/Controller/ProductController.class.php 第 22 行.
NOTIC: [8] Undefined variable: file_dir /var/www/html/cloud/Application/Home/Controller/ProductController.class.php 第 24 行.
NOTIC: [8] Undefined variable: file_dir /var/www/html/cloud/Application/Home/Controller/ProductController.class.php 第 26 行.
NOTIC: [2] filesize(): stat failed for Version.zip /var/www/html/cloud/Application/Home/Controller/ProductController.class.php 第 26 行.
NOTIC: [2] fread(): Length parameter must be greater than 0 /var/www/html/cloud/Application/Home/Controller/ProductController.class.php 第 26 行.
INFO: [ app_end ] --START--
INFO: Run Behavior\ShowPageTrace [ RunTime:0.000063s ]
INFO: [ app_end ] --END-- [ RunTime:0.000164s ]

[ 2017-09-13T09:17:31+08:00 ] 123.118.5.93 /Product/activation
INFO: [ app_begin ] --START--
INFO: Run Behavior\ReadHtmlCache [ RunTime:0.000057s ]
INFO: [ app_begin ] --END-- [ RunTime:0.000218s ]
NOTIC: [2] Missing argument 1 for I(), called in /var/www/html/cloud/Application/Home/Controller/ProductController.class.php on line 63 and defined /var/www/html/cloud/ThinkPHP/Common/functions.php 第 220 行.
NOTIC: [8] Undefined variable: name /var/www/html/cloud/ThinkPHP/Common/functions.php 第 221 行.
NOTIC: [8192] mysql_connect(): The mysql extension is deprecated and will be removed in the future: use mysqli or PDO instead /var/www/html/cloud/ThinkPHP/Library/Think/Db/Driver/Mysql.class.php 第 52 行.
SQL: SHOW COLUMNS FROM `xc_product` [ RunTime:0.001262s ]
SQL: SELECT `status`,`number` FROM `xc_product` WHERE ( `number` = 'ADLABNF26603D2D8E0E486948FB0FD40C7687A' ) AND ( `school` = 'fsda' ) LIMIT 1   [ RunTime:0.000275s ]

[ 2017-09-13T09:48:44+08:00 ] 114.242.250.88 /index.php/Index/login.html
INFO: [ app_begin ] --START--
INFO: Run Behavior\ReadHtmlCache [ RunTime:0.000075s ]
INFO: [ app_begin ] --END-- [ RunTime:0.000232s ]
NOTIC: [2] Missing argument 1 for I(), called in /var/www/html/cloud/Application/Home/Controller/IndexController.class.php on line 22 and defined /var/www/html/cloud/ThinkPHP/Common/functions.php 第 220 行.
NOTIC: [8] Undefined variable: name /var/www/html/cloud/ThinkPHP/Common/functions.php 第 221 行.
NOTIC: [8] Undefined index: user /var/www/html/cloud/Application/Home/Controller/IndexController.class.php 第 23 行.
NOTIC: [8] Undefined index: pwd /var/www/html/cloud/Application/Home/Controller/IndexController.class.php 第 24 行.

[ 2017-09-13T09:48:47+08:00 ] 114.242.250.88 /
INFO: [ app_begin ] --START--
INFO: Run Behavior\ReadHtmlCache [ RunTime:0.000063s ]
INFO: [ app_begin ] --END-- [ RunTime:0.000206s ]
INFO: [ view_parse ] --START--
INFO: [ template_filter ] --START--
INFO: Run Behavior\ContentReplace [ RunTime:0.000051s ]
INFO: [ template_filter ] --END-- [ RunTime:0.000163s ]
INFO: Run Behavior\ParseTemplate [ RunTime:0.002942s ]
INFO: [ view_parse ] --END-- [ RunTime:0.003050s ]
INFO: [ view_filter ] --START--
INFO: Run Behavior\WriteHtmlCache [ RunTime:0.000066s ]
INFO: [ view_filter ] --END-- [ RunTime:0.000160s ]
INFO: [ app_end ] --START--
INFO: Run Behavior\ShowPageTrace [ RunTime:0.000059s ]
INFO: [ app_end ] --END-- [ RunTime:0.000154s ]

[ 2017-09-13T10:02:04+08:00 ] 123.118.5.93 /
INFO: [ app_begin ] --START--
INFO: Run Behavior\ReadHtmlCache [ RunTime:0.000064s ]
INFO: [ app_begin ] --END-- [ RunTime:0.000220s ]
INFO: [ view_parse ] --START--
INFO: [ template_filter ] --START--
INFO: Run Behavior\ContentReplace [ RunTime:0.000046s ]
INFO: [ template_filter ] --END-- [ RunTime:0.000151s ]
INFO: Run Behavior\ParseTemplate [ RunTime:0.002522s ]
INFO: [ view_parse ] --END-- [ RunTime:0.002631s ]
INFO: [ view_filter ] --START--
INFO: Run Behavior\WriteHtmlCache [ RunTime:0.000063s ]
INFO: [ view_filter ] --END-- [ RunTime:0.000157s ]
INFO: [ app_end ] --START--
INFO: Run Behavior\ShowPageTrace [ RunTime:0.000061s ]
INFO: [ app_end ] --END-- [ RunTime:0.000156s ]

[ 2017-09-13T10:02:27+08:00 ] 123.118.5.93 /index.php/Index/login.html
INFO: [ app_begin ] --START--
INFO: Run Behavior\ReadHtmlCache [ RunTime:0.000065s ]
INFO: [ app_begin ] --END-- [ RunTime:0.000241s ]
NOTIC: [2] Missing argument 1 for I(), called in /var/www/html/cloud/Application/Home/Controller/IndexController.class.php on line 22 and defined /var/www/html/cloud/ThinkPHP/Common/functions.php 第 220 行.
NOTIC: [8] Undefined variable: name /var/www/html/cloud/ThinkPHP/Common/functions.php 第 221 行.
INFO: [ app_end ] --START--
INFO: Run Behavior\ShowPageTrace [ RunTime:0.000075s ]
INFO: [ app_end ] --END-- [ RunTime:0.000176s ]

[ 2017-09-13T10:02:28+08:00 ] 123.118.5.93 /
INFO: [ app_begin ] --START--
INFO: Run Behavior\ReadHtmlCache [ RunTime:0.000100s ]
INFO: [ app_begin ] --END-- [ RunTime:0.000354s ]
INFO: [ view_parse ] --START--
INFO: [ template_filter ] --START--
INFO: Run Behavior\ContentReplace [ RunTime:0.000054s ]
INFO: [ template_filter ] --END-- [ RunTime:0.000167s ]
NOTIC: [8] Use of undefined constant login - assumed 'login' /var/www/html/cloud/Application/Runtime/Cache/Home/13dd21e38e3bd06b6ecf4a3a6fc4ec52.php 第 21 行.
INFO: Run Behavior\ParseTemplate [ RunTime:0.004931s ]
INFO: [ view_parse ] --END-- [ RunTime:0.005075s ]
INFO: [ view_filter ] --START--
INFO: Run Behavior\WriteHtmlCache [ RunTime:0.000066s ]
INFO: [ view_filter ] --END-- [ RunTime:0.000160s ]
INFO: [ app_end ] --START--
INFO: Run Behavior\ShowPageTrace [ RunTime:0.000053s ]
INFO: [ app_end ] --END-- [ RunTime:0.000148s ]

